Unity Editor version:    2021.3.30f1 (b4360d7cdac4)
Branch:                  2021.3/staging
Build type:              Release
Batch mode:              YES
macOS version:           Version 13.5.1 (Build 22G90)
Darwin version:          22.6.0
Architecture:            arm64
Running under Rosetta:   NO
Available memory:        32768 MB
Using pre-set license
Pro License: YES

COMMAND LINE ARGUMENTS:
/Applications/Unity/Hub/Editor/2021.3.30f1/Unity.app/Contents/MacOS/Unity
-adb2
-batchMode
-noUpm
-name
AssetImportWorker0
-projectPath
/Users/alexisjin/Documents/GitHub/escape/Escape
-logFile
Logs/AssetImportWorker0.log
-srvPort
64346
Successfully changed project path to: /Users/alexisjin/Documents/GitHub/escape/Escape
/Users/alexisjin/Documents/GitHub/escape/Escape
[UnityMemory] Configuration Parameters - Can be set up in boot.config
    "memorysetup-bucket-allocator-granularity=16"
    "memorysetup-bucket-allocator-bucket-count=8"
    "memorysetup-bucket-allocator-block-size=33554432"
    "memorysetup-bucket-allocator-block-count=8"
    "memorysetup-main-allocator-block-size=16777216"
    "memorysetup-thread-allocator-block-size=16777216"
    "memorysetup-gfx-main-allocator-block-size=16777216"
    "memorysetup-gfx-thread-allocator-block-size=16777216"
    "memorysetup-cache-allocator-block-size=4194304"
    "memorysetup-typetree-allocator-block-size=2097152"
    "memorysetup-profiler-bucket-allocator-granularity=16"
    "memorysetup-profiler-bucket-allocator-bucket-count=8"
    "memorysetup-profiler-bucket-allocator-block-size=33554432"
    "memorysetup-profiler-bucket-allocator-block-count=8"
    "memorysetup-profiler-allocator-block-size=16777216"
    "memorysetup-profiler-editor-allocator-block-size=1048576"
    "memorysetup-temp-allocator-size-main=16777216"
    "memorysetup-job-temp-allocator-block-size=2097152"
    "memorysetup-job-temp-allocator-block-size-background=1048576"
    "memorysetup-job-temp-allocator-reduction-small-platforms=262144"
    "memorysetup-temp-allocator-size-background-worker=32768"
    "memorysetup-temp-allocator-size-job-worker=262144"
    "memorysetup-temp-allocator-size-preload-manager=33554432"
    "memorysetup-temp-allocator-size-nav-mesh-worker=65536"
    "memorysetup-temp-allocator-size-audio-worker=65536"
    "memorysetup-temp-allocator-size-cloud-worker=32768"
    "memorysetup-temp-allocator-size-gi-baking-worker=262144"
    "memorysetup-temp-allocator-size-gfx=262144"
Player connection [8395284608] Host "[IP] 192.168.1.154 [Port] 0 [Flags] 2 [Guid] 4257983617 [EditorId] 4257983617 [Version] 1048832 [Id] OSXEditor(0,Alexiss-MBP) [Debug] 1 [PackageName] OSXEditor [ProjectName] Editor" joined multi-casting on [225.0.0.222:54997]...

Player connection [8395284608] Host "[IP] 192.168.1.154 [Port] 0 [Flags] 2 [Guid] 4257983617 [EditorId] 4257983617 [Version] 1048832 [Id] OSXEditor(0,Alexiss-MBP) [Debug] 1 [PackageName] OSXEditor [ProjectName] Editor" joined alternative multi-casting on [225.0.0.222:34997]...

[Physics::Module] Initialized MultithreadedJobDispatcher with {0} workers.
Refreshing native plugins compatible for Editor in 87.90 ms, found 2 plugins.
Preloading 0 native plugins for Editor in 0.00 ms.
Initialize engine version: 2021.3.30f1 (b4360d7cdac4)
[Subsystems] Discovering subsystems at path /Applications/Unity/Hub/Editor/2021.3.30f1/Unity.app/Contents/Resources/UnitySubsystems
[Subsystems] Discovering subsystems at path /Users/alexisjin/Documents/GitHub/escape/Escape/Assets
GfxDevice: creating device client; threaded=0; jobified=0
 preferred device: Apple M1 Pro (high power)
Metal devices available: 1
0: Apple M1 Pro (high power)
Using device Apple M1 Pro (high power)
Initializing Metal device caps: Apple M1 Pro
Initialize mono
Mono path[0] = '/Applications/Unity/Hub/Editor/2021.3.30f1/Unity.app/Contents/Managed'
Mono path[1] = '/Applications/Unity/Hub/Editor/2021.3.30f1/Unity.app/Contents/MonoBleedingEdge/lib/mono/unityjit-macos'
Mono config path = '/Applications/Unity/Hub/Editor/2021.3.30f1/Unity.app/Contents/MonoBleedingEdge/etc'
Using monoOptions --debugger-agent=transport=dt_socket,embedding=1,server=y,suspend=n,address=127.0.0.1:56392
Begin MonoManager ReloadAssembly
Registering precompiled unity dll's ...
Register platform support module: /Applications/Unity/Hub/Editor/2021.3.30f1/Unity.app/Contents/PlaybackEngines/MacStandaloneSupport/UnityEditor.OSXStandalone.Extensions.dll
Registered in 0.000452 seconds.
Native extension for OSXStandalone target not found
Refreshing native plugins compatible for Editor in 84.20 ms, found 2 plugins.
Preloading 0 native plugins for Editor in 0.00 ms.
Mono: successfully reloaded assembly
- Completed reload, in  0.368 seconds
Domain Reload Profiling:
	ReloadAssembly (369ms)
		BeginReloadAssembly (37ms)
			ExecutionOrderSort (0ms)
			DisableScriptedObjects (0ms)
			BackupInstance (0ms)
			ReleaseScriptingObjects (0ms)
			CreateAndSetChildDomain (0ms)
		EndReloadAssembly (279ms)
			LoadAssemblies (36ms)
			RebuildTransferFunctionScriptingTraits (0ms)
			SetupTypeCache (62ms)
			ReleaseScriptCaches (0ms)
			RebuildScriptCaches (17ms)
			SetupLoadedEditorAssemblies (174ms)
				LogAssemblyErrors (0ms)
				InitializePlatformSupportModulesInManaged (3ms)
				SetLoadedEditorAssemblies (0ms)
				RefreshPlugins (84ms)
				BeforeProcessingInitializeOnLoad (1ms)
				ProcessInitializeOnLoadAttributes (63ms)
				ProcessInitializeOnLoadMethodAttributes (23ms)
				AfterProcessingInitializeOnLoad (0ms)
				EditorAssembliesLoaded (0ms)
			ExecutionOrderSort2 (0ms)
			AwakeInstancesAfterBackupRestoration (0ms)
Platform modules already initialized, skipping
Registering precompiled user dll's ...
Registered in 0.001773 seconds.
Begin MonoManager ReloadAssembly
Native extension for OSXStandalone target not found
Refreshing native plugins compatible for Editor in 86.75 ms, found 2 plugins.
Preloading 0 native plugins for Editor in 0.00 ms.
Package Manager log level set to [2]
[Package Manager] Server::EnsureServerProcessIsRunning -- launch failed, reason: Unity was launched with the -noUpm command-line argument
[Package Manager] Cannot connect to Unity Package Manager local server
Mono: successfully reloaded assembly
- Completed reload, in  1.116 seconds
Domain Reload Profiling:
	ReloadAssembly (1116ms)
		BeginReloadAssembly (62ms)
			ExecutionOrderSort (0ms)
			DisableScriptedObjects (3ms)
			BackupInstance (0ms)
			ReleaseScriptingObjects (0ms)
			CreateAndSetChildDomain (16ms)
		EndReloadAssembly (993ms)
			LoadAssemblies (39ms)
			RebuildTransferFunctionScriptingTraits (0ms)
			SetupTypeCache (195ms)
			ReleaseScriptCaches (1ms)
			RebuildScriptCaches (42ms)
			SetupLoadedEditorAssemblies (694ms)
				LogAssemblyErrors (0ms)
				InitializePlatformSupportModulesInManaged (1ms)
				SetLoadedEditorAssemblies (0ms)
				RefreshPlugins (87ms)
				BeforeProcessingInitializeOnLoad (69ms)
				ProcessInitializeOnLoadAttributes (499ms)
				ProcessInitializeOnLoadMethodAttributes (37ms)
				AfterProcessingInitializeOnLoad (1ms)
				EditorAssembliesLoaded (0ms)
			ExecutionOrderSort2 (0ms)
			AwakeInstancesAfterBackupRestoration (2ms)
Platform modules already initialized, skipping
========================================================================
Worker process is ready to serve import requests
Launching external process: /Applications/Unity/Hub/Editor/2021.3.30f1/Unity.app/Contents/Tools/UnityShaderCompiler
Launched and connected shader compiler UnityShaderCompiler after 0.05 seconds
Refreshing native plugins compatible for Editor in 0.54 ms, found 2 plugins.
Preloading 0 native plugins for Editor in 0.00 ms.
Unloading 5196 Unused Serialized files (Serialized files now loaded: 0)
Unloading 48 unused Assets / (1.4 MB). Loaded Objects now: 5647.
Memory consumption went from 217.7 MB to 216.3 MB.
Total: 3.014917 ms (FindLiveObjects: 0.157667 ms CreateObjectMapping: 0.063875 ms MarkObjects: 2.270000 ms  DeleteObjects: 0.522708 ms)

AssetImportParameters requested are different than current active one (requested -> active):
  custom:video-decoder-ogg-theora: a1e56fd34408186e4bbccfd4996cb3dc -> 
  custom:container-muxer-webm: aa71ff27fc2769a1b78a27578f13a17b -> 
  custom:container-demuxer-webm: 4f35f7cbe854078d1ac9338744f61a02 -> 
  custom:video-encoder-webm-vp8: eb34c28f22e8b96e1ab97ce403110664 -> 
  custom:framework-osx-AVFoundation: e770b220cccbd017edd2c1fefb359320 -> 
  custom:CustomObjectIndexerAttribute: 6b0e35c9178b02a6363f3721b7b8e397 -> 
  custom:audio-encoder-webm-vorbis: bf7c407c2cedff20999df2af8eb42d56 -> 
  custom:SearchIndexIgnoredProperties: e643bd26f0fe6173181afceb89e7c659 -> 
  custom:container-demuxer-ogg: 62fdf1f143b41e24485cea50d1cbac27 -> 
  custom:video-decoder-webm-vp8: 9c59270c3fd7afecdb556c50c9e8de78 -> 
  custom:audio-decoder-ogg-vorbis: bf7c407c2cedff20999df2af8eb42d56 -> 
========================================================================
Received Import Request.
  Time since last request: 721143.089799 seconds.
  path: Assets/#NVJOB Slender/Example/Environment/Materials/Ground.mat
  artifactKey: Guid(e0640fdc7f3b4c328ce4d4a8c12182e1) Importer(815301076,1909f56bfc062723c751e8b465ee728b)
Number of updated assets reloaded before import = 0
Start importing Assets/#NVJOB Slender/Example/Environment/Materials/Ground.mat using Guid(e0640fdc7f3b4c328ce4d4a8c12182e1) Importer(815301076,1909f56bfc062723c751e8b465ee728b)  -> (artifact id: 'ff810e2dcfac4c1c4ef48fba84cb5de6') in 0.658112 seconds 
Number of asset objects unloaded after import = 12
========================================================================
Received Import Request.
  Time since last request: 0.000138 seconds.
  path: Assets/#NVJOB Slender/Example/Environment/Materials/Logo 1.mat
  artifactKey: Guid(add7fb86cb034a9b88c59cb464edbe89) Importer(815301076,1909f56bfc062723c751e8b465ee728b)
Number of updated assets reloaded before import = 0
Start importing Assets/#NVJOB Slender/Example/Environment/Materials/Logo 1.mat using Guid(add7fb86cb034a9b88c59cb464edbe89) Importer(815301076,1909f56bfc062723c751e8b465ee728b)  -> (artifact id: 'c66b53308732b8258c57c5b5c59a4b88') in 0.019100 seconds 
Number of asset objects unloaded after import = 3
========================================================================
Received Import Request.
  Time since last request: 0.000094 seconds.
  path: Assets/#NVJOB Slender/Example/Environment/Materials/Grass.mat
  artifactKey: Guid(01fa885d265f42108489fbccce2f8ba5) Importer(815301076,1909f56bfc062723c751e8b465ee728b)
Number of updated assets reloaded before import = 0
Start importing Assets/#NVJOB Slender/Example/Environment/Materials/Grass.mat using Guid(01fa885d265f42108489fbccce2f8ba5) Importer(815301076,1909f56bfc062723c751e8b465ee728b)  -> (artifact id: 'ffa857931b9e728175953cf6eb58e17d') in 0.007140 seconds 
Number of asset objects unloaded after import = 4
========================================================================
Received Import Request.
  Time since last request: 0.000062 seconds.
  path: Assets/#NVJOB Slender/Example/Environment/Materials/Branches.mat
  artifactKey: Guid(6d6d3b63780b4617a0dc5006fa5ccb29) Importer(815301076,1909f56bfc062723c751e8b465ee728b)
Number of updated assets reloaded before import = 0
Start importing Assets/#NVJOB Slender/Example/Environment/Materials/Branches.mat using Guid(6d6d3b63780b4617a0dc5006fa5ccb29) Importer(815301076,1909f56bfc062723c751e8b465ee728b)  -> (artifact id: 'a6f1fdc67c7d826a6954eb2257b8da63') in 0.005169 seconds 
Number of asset objects unloaded after import = 3
========================================================================
Received Import Request.
  Time since last request: 0.000045 seconds.
  path: Assets/#NVJOB Slender/Example/Environment/Materials
  artifactKey: Guid(8a161f665f0841c4b91ab6809ca3e415) Importer(815301076,1909f56bfc062723c751e8b465ee728b)
Number of updated assets reloaded before import = 0
Start importing Assets/#NVJOB Slender/Example/Environment/Materials using Guid(8a161f665f0841c4b91ab6809ca3e415) Importer(815301076,1909f56bfc062723c751e8b465ee728b)  -> (artifact id: '93cfcb2b72572ddb2b8ed374575ef901') in 0.000527 seconds 
Number of asset objects unloaded after import = 0
========================================================================
Received Import Request.
  Time since last request: 0.000044 seconds.
  path: Assets/#NVJOB Slender/Example
  artifactKey: Guid(7b4d6243c3cd46a890514d984f5134d7) Importer(815301076,1909f56bfc062723c751e8b465ee728b)
Number of updated assets reloaded before import = 0
Start importing Assets/#NVJOB Slender/Example using Guid(7b4d6243c3cd46a890514d984f5134d7) Importer(815301076,1909f56bfc062723c751e8b465ee728b)  -> (artifact id: 'd79ebe3b1e9a7b46ee2a10e723f5376f') in 0.000451 seconds 
Number of asset objects unloaded after import = 0
========================================================================
Received Import Request.
  Time since last request: 0.000043 seconds.
  path: Assets/#NVJOB Slender/Example/Environment/Materials/Bark.mat
  artifactKey: Guid(88b7b2d21690425b9ed4ca5f4388cf09) Importer(815301076,1909f56bfc062723c751e8b465ee728b)
Number of updated assets reloaded before import = 0
Start importing Assets/#NVJOB Slender/Example/Environment/Materials/Bark.mat using Guid(88b7b2d21690425b9ed4ca5f4388cf09) Importer(815301076,1909f56bfc062723c751e8b465ee728b)  -> (artifact id: '3d65928f693379b46a7193ead9c7ccfb') in 0.006047 seconds 
Number of asset objects unloaded after import = 4
========================================================================
Received Import Request.
  Time since last request: 0.000058 seconds.
  path: Assets/#NVJOB Slender/Example/Environment
  artifactKey: Guid(6d61ec9821714a95a179bf363df1c7e8) Importer(815301076,1909f56bfc062723c751e8b465ee728b)
Number of updated assets reloaded before import = 0
Start importing Assets/#NVJOB Slender/Example/Environment using Guid(6d61ec9821714a95a179bf363df1c7e8) Importer(815301076,1909f56bfc062723c751e8b465ee728b)  -> (artifact id: 'be72a1f75a82acd860b9cf3fe53a6b06') in 0.000589 seconds 
Number of asset objects unloaded after import = 0
========================================================================
Received Import Request.
  Time since last request: 0.000055 seconds.
  path: Assets/#NVJOB Slender/Example/Environment/Materials/Branches.png
  artifactKey: Guid(95782c17eafb411eb86b0d25d01ca1c7) Importer(815301076,1909f56bfc062723c751e8b465ee728b)
Number of updated assets reloaded before import = 0
Start importing Assets/#NVJOB Slender/Example/Environment/Materials/Branches.png using Guid(95782c17eafb411eb86b0d25d01ca1c7) Importer(815301076,1909f56bfc062723c751e8b465ee728b)  -> (artifact id: '6941c4eed6f31e9b26c41551cf645bd4') in 0.432818 seconds 
Number of asset objects unloaded after import = 2
========================================================================
Received Import Request.
  Time since last request: 0.000065 seconds.
  path: Assets/#NVJOB Slender/Example/Environment/Materials/Grass.png
  artifactKey: Guid(ccc0939c37fb496a976475d7a850866e) Importer(815301076,1909f56bfc062723c751e8b465ee728b)
Number of updated assets reloaded before import = 0
Start importing Assets/#NVJOB Slender/Example/Environment/Materials/Grass.png using Guid(ccc0939c37fb496a976475d7a850866e) Importer(815301076,1909f56bfc062723c751e8b465ee728b)  -> (artifact id: 'bc1ba524d75f0d553b387e93c85df729') in 0.004080 seconds 
Number of asset objects unloaded after import = 2
========================================================================
Received Import Request.
  Time since last request: 16.296366 seconds.
  path: Assets/#NVJOB Slender/Example/Environment/Meshes/Forest.fbx
  artifactKey: Guid(b285931dd9e2466499f3c18e817cfad8) Importer(815301076,1909f56bfc062723c751e8b465ee728b)
Number of updated assets reloaded before import = 0
Start importing Assets/#NVJOB Slender/Example/Environment/Meshes/Forest.fbx using Guid(b285931dd9e2466499f3c18e817cfad8) Importer(815301076,1909f56bfc062723c751e8b465ee728b)  -> (artifact id: '4e739319bad424ab8af1a008dedf3e2a') in 0.164294 seconds 
Number of asset objects unloaded after import = 26
========================================================================
Received Import Request.
  Time since last request: 9.210815 seconds.
  path: Assets/#NVJOB Slender/Example/Environment/Standard Assets/Effects
  artifactKey: Guid(1c7c831e148c4214b3501395df53d830) Importer(815301076,1909f56bfc062723c751e8b465ee728b)
Number of updated assets reloaded before import = 0
Start importing Assets/#NVJOB Slender/Example/Environment/Standard Assets/Effects using Guid(1c7c831e148c4214b3501395df53d830) Importer(815301076,1909f56bfc062723c751e8b465ee728b)  -> (artifact id: '10f54af5b3f8cf979abb98bf60a678c4') in 0.001032 seconds 
Number of asset objects unloaded after import = 0
========================================================================
Received Import Request.
  Time since last request: 0.977990 seconds.
  path: Assets/#NVJOB Slender/Example/Environment/Standard Assets/Effects/ImageEffects
  artifactKey: Guid(7d75e9b62a1e44c8805ab51342b2c8a8) Importer(815301076,1909f56bfc062723c751e8b465ee728b)
Number of updated assets reloaded before import = 0
Start importing Assets/#NVJOB Slender/Example/Environment/Standard Assets/Effects/ImageEffects using Guid(7d75e9b62a1e44c8805ab51342b2c8a8) Importer(815301076,1909f56bfc062723c751e8b465ee728b)  -> (artifact id: 'bc362c727d2c7fe87786c30d26a939f3') in 0.001080 seconds 
Number of asset objects unloaded after import = 0
========================================================================
Received Import Request.
  Time since last request: 1.599629 seconds.
  path: Assets/#NVJOB Slender/Example/Environment/Standard Assets/Effects/ImageEffects/Textures
  artifactKey: Guid(5f39908f1f4e44acbf8a87000c67118a) Importer(815301076,1909f56bfc062723c751e8b465ee728b)
Number of updated assets reloaded before import = 0
Start importing Assets/#NVJOB Slender/Example/Environment/Standard Assets/Effects/ImageEffects/Textures using Guid(5f39908f1f4e44acbf8a87000c67118a) Importer(815301076,1909f56bfc062723c751e8b465ee728b)  -> (artifact id: '3c91961c70f436d13f6a543e2fbba5b9') in 0.000955 seconds 
Number of asset objects unloaded after import = 0
========================================================================
Received Import Request.
  Time since last request: 0.054425 seconds.
  path: Assets/#NVJOB Slender/Example/Environment/Standard Assets/Effects/ImageEffects/Textures/color correction ramp.png
  artifactKey: Guid(13aa259463eb405380b2716c235fb838) Importer(815301076,1909f56bfc062723c751e8b465ee728b)
Number of updated assets reloaded before import = 0
Start importing Assets/#NVJOB Slender/Example/Environment/Standard Assets/Effects/ImageEffects/Textures/color correction ramp.png using Guid(13aa259463eb405380b2716c235fb838) Importer(815301076,1909f56bfc062723c751e8b465ee728b)  -> (artifact id: '44f92d4e985c92f6b076d1300ee12ed3') in 0.006142 seconds 
Number of asset objects unloaded after import = 2
========================================================================
Received Import Request.
  Time since last request: 0.000073 seconds.
  path: Assets/#NVJOB Slender/Example/Environment/Standard Assets/Effects/ImageEffects/Textures/Neutral3D16.png
  artifactKey: Guid(e100698067da47af80b7006b404a2441) Importer(815301076,1909f56bfc062723c751e8b465ee728b)
Number of updated assets reloaded before import = 0
Start importing Assets/#NVJOB Slender/Example/Environment/Standard Assets/Effects/ImageEffects/Textures/Neutral3D16.png using Guid(e100698067da47af80b7006b404a2441) Importer(815301076,1909f56bfc062723c751e8b465ee728b)  -> (artifact id: 'ac786bc009e68f6442589a6ee99ead20') in 0.004872 seconds 
Number of asset objects unloaded after import = 2
========================================================================
Received Import Request.
  Time since last request: 0.000049 seconds.
  path: Assets/#NVJOB Slender/Example/Environment/Standard Assets/Effects/ImageEffects/Textures/SphereShape.psd
  artifactKey: Guid(e0a7e37c03cc4ce0b0700850f9fdcf45) Importer(815301076,1909f56bfc062723c751e8b465ee728b)
Number of updated assets reloaded before import = 0
Start importing Assets/#NVJOB Slender/Example/Environment/Standard Assets/Effects/ImageEffects/Textures/SphereShape.psd using Guid(e0a7e37c03cc4ce0b0700850f9fdcf45) Importer(815301076,1909f56bfc062723c751e8b465ee728b)  -> (artifact id: '37f41fe8b3073e8cb25740ff50b9a21b') in 0.469374 seconds 
Number of asset objects unloaded after import = 2
========================================================================
Received Import Request.
  Time since last request: 0.000033 seconds.
  path: Assets/#NVJOB Slender/Example/Environment/Standard Assets/Effects/ImageEffects/Textures/RandomVectors.png
  artifactKey: Guid(5b8a53dcf7d44150909052b828d2401d) Importer(815301076,1909f56bfc062723c751e8b465ee728b)
Number of updated assets reloaded before import = 0
Start importing Assets/#NVJOB Slender/Example/Environment/Standard Assets/Effects/ImageEffects/Textures/RandomVectors.png using Guid(5b8a53dcf7d44150909052b828d2401d) Importer(815301076,1909f56bfc062723c751e8b465ee728b)  -> (artifact id: '96f0276d59f2189c293a10e07478770a') in 0.004355 seconds 
Number of asset objects unloaded after import = 2
========================================================================
Received Import Request.
  Time since last request: 0.000051 seconds.
  path: Assets/#NVJOB Slender/Example/Environment/Standard Assets/Effects/ImageEffects/Textures/grayscale ramp.png
  artifactKey: Guid(402968a5c078445ab26472cfb0705808) Importer(815301076,1909f56bfc062723c751e8b465ee728b)
Number of updated assets reloaded before import = 0
Start importing Assets/#NVJOB Slender/Example/Environment/Standard Assets/Effects/ImageEffects/Textures/grayscale ramp.png using Guid(402968a5c078445ab26472cfb0705808) Importer(815301076,1909f56bfc062723c751e8b465ee728b)  -> (artifact id: 'b049ad16455308be5e2aef5243ec0a7a') in 0.003759 seconds 
Number of asset objects unloaded after import = 2
========================================================================
Received Import Request.
  Time since last request: 8.968766 seconds.
  path: Assets/#NVJOB Slender/Example/Environment/Standard Assets/Effects/ImageEffects/Shaders
  artifactKey: Guid(99d914c8ed9d4be98a9059c358d681b8) Importer(815301076,1909f56bfc062723c751e8b465ee728b)
Number of updated assets reloaded before import = 0
Start importing Assets/#NVJOB Slender/Example/Environment/Standard Assets/Effects/ImageEffects/Shaders using Guid(99d914c8ed9d4be98a9059c358d681b8) Importer(815301076,1909f56bfc062723c751e8b465ee728b)  -> (artifact id: '4e6b063ddf125adf7bf0ac73ad81bde7') in 0.000772 seconds 
Number of asset objects unloaded after import = 0
========================================================================
Received Import Request.
  Time since last request: 0.050430 seconds.
  path: Assets/#NVJOB Slender/Example/Environment/Standard Assets/Effects/ImageEffects/Shaders/frag_ao.cginc
  artifactKey: Guid(1717f602e66f491783eefd96b5e7a5f8) Importer(815301076,1909f56bfc062723c751e8b465ee728b)
Number of updated assets reloaded before import = 0
Start importing Assets/#NVJOB Slender/Example/Environment/Standard Assets/Effects/ImageEffects/Shaders/frag_ao.cginc using Guid(1717f602e66f491783eefd96b5e7a5f8) Importer(815301076,1909f56bfc062723c751e8b465ee728b)  -> (artifact id: '72bcd34b49aa964500cb438b1e0d2fdf') in 0.028315 seconds 
Number of asset objects unloaded after import = 1
========================================================================
Received Import Request.
  Time since last request: 8.806526 seconds.
  path: Assets/#NVJOB Slender/Example/Environment/Standard Assets/Editor/ImageEffects
  artifactKey: Guid(b7d790871957471b8efa1dc3fc17d48a) Importer(815301076,1909f56bfc062723c751e8b465ee728b)
Number of updated assets reloaded before import = 0
Start importing Assets/#NVJOB Slender/Example/Environment/Standard Assets/Editor/ImageEffects using Guid(b7d790871957471b8efa1dc3fc17d48a) Importer(815301076,1909f56bfc062723c751e8b465ee728b)  -> (artifact id: 'bc287dcf40720aee6163a627027a4af1') in 0.001078 seconds 
Number of asset objects unloaded after import = 0
========================================================================
Received Import Request.
  Time since last request: 12.648380 seconds.
  path: Assets/#NVJOB Slender/Slender/Materials/T N.png
  artifactKey: Guid(c3f28436c0864551aecc61c04f910ce6) Importer(815301076,1909f56bfc062723c751e8b465ee728b)
Number of updated assets reloaded before import = 0
Start importing Assets/#NVJOB Slender/Slender/Materials/T N.png using Guid(c3f28436c0864551aecc61c04f910ce6) Importer(815301076,1909f56bfc062723c751e8b465ee728b)  -> (artifact id: 'dc86073bd1ed3401471757ae82a401c0') in 0.009102 seconds 
Number of asset objects unloaded after import = 2
========================================================================
Received Import Request.
  Time since last request: 5.515111 seconds.
  path: Assets/#NVJOB Slender/Slender/Materials/Body.mat
  artifactKey: Guid(2767282598a34c16bb9e10f66963b2a6) Importer(815301076,1909f56bfc062723c751e8b465ee728b)
Number of updated assets reloaded before import = 0
Start importing Assets/#NVJOB Slender/Slender/Materials/Body.mat using Guid(2767282598a34c16bb9e10f66963b2a6) Importer(815301076,1909f56bfc062723c751e8b465ee728b)  -> (artifact id: '9484f3fbe45f95552254814c8c78d898') in 0.042968 seconds 
Number of asset objects unloaded after import = 4
========================================================================
Received Import Request.
  Time since last request: 0.000054 seconds.
  path: Assets/#NVJOB Slender/Slender/Materials/T S.png
  artifactKey: Guid(9502b565478e4f579e198200d0cbdd85) Importer(815301076,1909f56bfc062723c751e8b465ee728b)
Number of updated assets reloaded before import = 0
Start importing Assets/#NVJOB Slender/Slender/Materials/T S.png using Guid(9502b565478e4f579e198200d0cbdd85) Importer(815301076,1909f56bfc062723c751e8b465ee728b)  -> (artifact id: 'de5d350820814f10e70f1a4b54f96bf9') in 0.004617 seconds 
Number of asset objects unloaded after import = 2
========================================================================
Received Import Request.
  Time since last request: 0.000036 seconds.
  path: Assets/#NVJOB Slender/Slender/Materials/Shoes.mat
  artifactKey: Guid(482da43e4b4c49659f5071cb8673471d) Importer(815301076,1909f56bfc062723c751e8b465ee728b)
Number of updated assets reloaded before import = 0
Start importing Assets/#NVJOB Slender/Slender/Materials/Shoes.mat using Guid(482da43e4b4c49659f5071cb8673471d) Importer(815301076,1909f56bfc062723c751e8b465ee728b)  -> (artifact id: '580006fe01ae0792bd3da1df72245b89') in 0.008482 seconds 
Number of asset objects unloaded after import = 4
========================================================================
Received Import Request.
  Time since last request: 2.700627 seconds.
  path: Assets/#NVJOB Slender/Slender/Mesh/Slender.fbx
  artifactKey: Guid(97b0cd269422460b9c5672eb06af8f7c) Importer(815301076,1909f56bfc062723c751e8b465ee728b)
Number of updated assets reloaded before import = 0
Start importing Assets/#NVJOB Slender/Slender/Mesh/Slender.fbx using Guid(97b0cd269422460b9c5672eb06af8f7c) Importer(815301076,1909f56bfc062723c751e8b465ee728b)  -> (artifact id: '4484648fe0239640cf3051618e86bf7c') in 0.073361 seconds 
Number of asset objects unloaded after import = 176
========================================================================
Received Import Request.
  Time since last request: 1.523645 seconds.
  path: Assets/#NVJOB Slender/Slender/Prefab/Slender.prefab
  artifactKey: Guid(c0ec2cd63f93487d92d6623d393c83ba) Importer(815301076,1909f56bfc062723c751e8b465ee728b)
Number of updated assets reloaded before import = 0
Start importing Assets/#NVJOB Slender/Slender/Prefab/Slender.prefab using Guid(c0ec2cd63f93487d92d6623d393c83ba) Importer(815301076,1909f56bfc062723c751e8b465ee728b)  -> (artifact id: '08e1bdace3fb11423775134e268ea403') in 0.083604 seconds 
Number of asset objects unloaded after import = 200
========================================================================
Received Import Request.
  Time since last request: 1.217565 seconds.
  path: Assets/#NVJOB Slender/Slender/Sounds/Slender.ogg
  artifactKey: Guid(0d3e58bb90924afba39e665277b5f80a) Importer(815301076,1909f56bfc062723c751e8b465ee728b)
Number of updated assets reloaded before import = 0
Start importing Assets/#NVJOB Slender/Slender/Sounds/Slender.ogg using Guid(0d3e58bb90924afba39e665277b5f80a) Importer(815301076,1909f56bfc062723c751e8b465ee728b)  -> (artifact id: '0e5fc78082bfe5e5c335c8cc23f8f673') in 0.166314 seconds 
Number of asset objects unloaded after import = 2
========================================================================
Received Import Request.
  Time since last request: 34.603258 seconds.
  path: Assets/#NVJOB Slender/Example/Environment/Materials/Materials/Grass.mat
  artifactKey: Guid(ffa9460df42fb480e92b3f84faef168f) Importer(815301076,1909f56bfc062723c751e8b465ee728b)
Number of updated assets reloaded before import = 0
Start importing Assets/#NVJOB Slender/Example/Environment/Materials/Materials/Grass.mat using Guid(ffa9460df42fb480e92b3f84faef168f) Importer(815301076,1909f56bfc062723c751e8b465ee728b)  -> (artifact id: '30941f068a3394f640e290575d716b7c') in 0.007110 seconds 
Number of asset objects unloaded after import = 3
========================================================================
Received Import Request.
  Time since last request: 29.073865 seconds.
  path: Assets/#NVJOB Slender/Example/Environment/Materials/Materials/Grass 1.mat
  artifactKey: Guid(ac9c8fee5c67a4a7f8d95c372af78759) Importer(815301076,1909f56bfc062723c751e8b465ee728b)
Number of updated assets reloaded before import = 0
Start importing Assets/#NVJOB Slender/Example/Environment/Materials/Materials/Grass 1.mat using Guid(ac9c8fee5c67a4a7f8d95c372af78759) Importer(815301076,1909f56bfc062723c751e8b465ee728b)  -> (artifact id: 'dd043c1540f5a0dad125e692386bb583') in 0.006362 seconds 
Number of asset objects unloaded after import = 3
========================================================================
Received Import Request.
  Time since last request: 136.345218 seconds.
  path: Assets/#NVJOB Slender/Example/Environment/Materials/Materials/Bark.mat
  artifactKey: Guid(1e3ebfdf851744fb1b4d43f3771d819f) Importer(815301076,1909f56bfc062723c751e8b465ee728b)
Number of updated assets reloaded before import = 0
Start importing Assets/#NVJOB Slender/Example/Environment/Materials/Materials/Bark.mat using Guid(1e3ebfdf851744fb1b4d43f3771d819f) Importer(815301076,1909f56bfc062723c751e8b465ee728b)  -> (artifact id: '5195895e10aab9191c8e5c9334e8d779') in 0.005867 seconds 
Number of asset objects unloaded after import = 3
========================================================================
Received Import Request.
  Time since last request: 64.897939 seconds.
  path: Assets/#NVJOB Slender/Example/Environment/Materials/Materials/Branches.mat
  artifactKey: Guid(f58895a6c04b94d1787f77a4b1ea0876) Importer(815301076,1909f56bfc062723c751e8b465ee728b)
Number of updated assets reloaded before import = 0
Start importing Assets/#NVJOB Slender/Example/Environment/Materials/Materials/Branches.mat using Guid(f58895a6c04b94d1787f77a4b1ea0876) Importer(815301076,1909f56bfc062723c751e8b465ee728b)  -> (artifact id: '8f02865f44873189f1fca1a754f55514') in 0.005463 seconds 
Number of asset objects unloaded after import = 3
========================================================================
Received Import Request.
  Time since last request: 23.800016 seconds.
  path: Assets/#NVJOB Slender/Example/Environment/Sounds/Sounds.ogg
  artifactKey: Guid(8ac1364a25264235bc5e47511cce7eac) Importer(815301076,1909f56bfc062723c751e8b465ee728b)
Number of updated assets reloaded before import = 0
Start importing Assets/#NVJOB Slender/Example/Environment/Sounds/Sounds.ogg using Guid(8ac1364a25264235bc5e47511cce7eac) Importer(815301076,1909f56bfc062723c751e8b465ee728b)  -> (artifact id: 'aa17037303d9f39cafc747675a462dea') in 0.011661 seconds 
Number of asset objects unloaded after import = 2
========================================================================
Received Import Request.
  Time since last request: 15.808594 seconds.
  path: Assets/#NVJOB Slender/Example/Environment/Standard Assets/Effects/ImageEffects/Shaders/_DepthOfField
  artifactKey: Guid(99cd6fc616ba4d1f8eebfb3a5addefe9) Importer(815301076,1909f56bfc062723c751e8b465ee728b)
Number of updated assets reloaded before import = 0
Start importing Assets/#NVJOB Slender/Example/Environment/Standard Assets/Effects/ImageEffects/Shaders/_DepthOfField using Guid(99cd6fc616ba4d1f8eebfb3a5addefe9) Importer(815301076,1909f56bfc062723c751e8b465ee728b)  -> (artifact id: '13da1f416cdb0f7889c2322100120f36') in 0.001209 seconds 
Number of asset objects unloaded after import = 0
========================================================================
Received Import Request.
  Time since last request: 1.879932 seconds.
  path: Assets/#NVJOB Slender/Example/Environment/Standard Assets/Effects/ImageEffects/Shaders/_BloomAndFlares
  artifactKey: Guid(b5e13560108b4501a630f670df6b0e70) Importer(815301076,1909f56bfc062723c751e8b465ee728b)
Number of updated assets reloaded before import = 0
Start importing Assets/#NVJOB Slender/Example/Environment/Standard Assets/Effects/ImageEffects/Shaders/_BloomAndFlares using Guid(b5e13560108b4501a630f670df6b0e70) Importer(815301076,1909f56bfc062723c751e8b465ee728b)  -> (artifact id: '312b287f94fb38c39deb8a4bb509d711') in 0.001064 seconds 
Number of asset objects unloaded after import = 0
========================================================================
Received Import Request.
  Time since last request: 1.886444 seconds.
  path: Assets/#NVJOB Slender/Example/Environment/Standard Assets/Effects/ImageEffects/Shaders/_Antialiasing
  artifactKey: Guid(2c0469017a4e4c40aa0a158c4d26c01e) Importer(815301076,1909f56bfc062723c751e8b465ee728b)
Number of updated assets reloaded before import = 0
Start importing Assets/#NVJOB Slender/Example/Environment/Standard Assets/Effects/ImageEffects/Shaders/_Antialiasing using Guid(2c0469017a4e4c40aa0a158c4d26c01e) Importer(815301076,1909f56bfc062723c751e8b465ee728b)  -> (artifact id: 'f7c34d66a509cf1fea4a12b500126f18') in 0.000930 seconds 
Number of asset objects unloaded after import = 0
========================================================================
Received Import Request.
  Time since last request: 109.248969 seconds.
  path: Assets/#NVJOB Slender/Slender/Materials/Materials
  artifactKey: Guid(3dbcd3191ff6b4595b750f3b8aa2bc0d) Importer(815301076,1909f56bfc062723c751e8b465ee728b)
Number of updated assets reloaded before import = 0
Start importing Assets/#NVJOB Slender/Slender/Materials/Materials using Guid(3dbcd3191ff6b4595b750f3b8aa2bc0d) Importer(815301076,1909f56bfc062723c751e8b465ee728b)  -> (artifact id: '630a25bd52b3023170bfe769245c794b') in 0.001050 seconds 
Number of asset objects unloaded after import = 0
========================================================================
Received Import Request.
  Time since last request: 0.636174 seconds.
  path: Assets/#NVJOB Slender/Slender/Materials/Materials/Clotch.mat
  artifactKey: Guid(43772f9a9733547e6b442ed39241583c) Importer(815301076,1909f56bfc062723c751e8b465ee728b)
Number of updated assets reloaded before import = 0
Start importing Assets/#NVJOB Slender/Slender/Materials/Materials/Clotch.mat using Guid(43772f9a9733547e6b442ed39241583c) Importer(815301076,1909f56bfc062723c751e8b465ee728b)  -> (artifact id: 'e20314d331f4b85e09054619d6c8afe9') in 0.008311 seconds 
Number of asset objects unloaded after import = 3
========================================================================
Received Import Request.
  Time since last request: 0.000102 seconds.
  path: Assets/#NVJOB Slender/Slender/Materials/Materials/Suit N.mat
  artifactKey: Guid(08f1d4733e72742eabd9c610372173d6) Importer(815301076,1909f56bfc062723c751e8b465ee728b)
Number of updated assets reloaded before import = 0
Start importing Assets/#NVJOB Slender/Slender/Materials/Materials/Suit N.mat using Guid(08f1d4733e72742eabd9c610372173d6) Importer(815301076,1909f56bfc062723c751e8b465ee728b)  -> (artifact id: 'a2ef5ebdbecf8d354ceb47736e5c1504') in 0.007913 seconds 
Number of asset objects unloaded after import = 3
========================================================================
Received Import Request.
  Time since last request: 0.000058 seconds.
  path: Assets/#NVJOB Slender/Slender/Materials/Materials/T N.mat
  artifactKey: Guid(a396a076d33f546999b9f43b86e7e3c1) Importer(815301076,1909f56bfc062723c751e8b465ee728b)
Number of updated assets reloaded before import = 0
Start importing Assets/#NVJOB Slender/Slender/Materials/Materials/T N.mat using Guid(a396a076d33f546999b9f43b86e7e3c1) Importer(815301076,1909f56bfc062723c751e8b465ee728b)  -> (artifact id: 'd3e52d01443ee870d154d67031a6a8b7') in 0.005953 seconds 
Number of asset objects unloaded after import = 3
========================================================================
Received Prepare
Registering precompiled user dll's ...
Registered in 0.003174 seconds.
Begin MonoManager ReloadAssembly
Thread 0x29d287000 may have been prematurely finalized
Native extension for OSXStandalone target not found
Refreshing native plugins compatible for Editor in 0.57 ms, found 2 plugins.
Preloading 0 native plugins for Editor in 0.00 ms.
[Package Manager] Server::EnsureServerProcessIsRunning -- launch failed, reason: Unity was launched with the -noUpm command-line argument
[Package Manager] Cannot connect to Unity Package Manager local server
Mono: successfully reloaded assembly
- Completed reload, in  1.000 seconds
Domain Reload Profiling:
	ReloadAssembly (1001ms)
		BeginReloadAssembly (89ms)
			ExecutionOrderSort (0ms)
			DisableScriptedObjects (4ms)
			BackupInstance (0ms)
			ReleaseScriptingObjects (0ms)
			CreateAndSetChildDomain (35ms)
		EndReloadAssembly (859ms)
			LoadAssemblies (39ms)
			RebuildTransferFunctionScriptingTraits (0ms)
			SetupTypeCache (200ms)
			ReleaseScriptCaches (1ms)
			RebuildScriptCaches (33ms)
			SetupLoadedEditorAssemblies (546ms)
				LogAssemblyErrors (0ms)
				InitializePlatformSupportModulesInManaged (2ms)
				SetLoadedEditorAssemblies (0ms)
				RefreshPlugins (1ms)
				BeforeProcessingInitializeOnLoad (48ms)
				ProcessInitializeOnLoadAttributes (453ms)
				ProcessInitializeOnLoadMethodAttributes (40ms)
				AfterProcessingInitializeOnLoad (1ms)
				EditorAssembliesLoaded (0ms)
			ExecutionOrderSort2 (0ms)
			AwakeInstancesAfterBackupRestoration (6ms)
Platform modules already initialized, skipping
Refreshing native plugins compatible for Editor in 0.58 ms, found 2 plugins.
Preloading 0 native plugins for Editor in 0.00 ms.
Unloading 5000 Unused Serialized files (Serialized files now loaded: 0)
Unloading 46 unused Assets / (0.7 MB). Loaded Objects now: 5773.
Memory consumption went from 248.8 MB to 248.1 MB.
Total: 2.731833 ms (FindLiveObjects: 0.209792 ms CreateObjectMapping: 0.064000 ms MarkObjects: 2.258458 ms  DeleteObjects: 0.199125 ms)

AssetImportParameters requested are different than current active one (requested -> active):
  custom:video-decoder-ogg-theora: a1e56fd34408186e4bbccfd4996cb3dc -> 
  custom:container-muxer-webm: aa71ff27fc2769a1b78a27578f13a17b -> 
  custom:container-demuxer-webm: 4f35f7cbe854078d1ac9338744f61a02 -> 
  custom:video-encoder-webm-vp8: eb34c28f22e8b96e1ab97ce403110664 -> 
  custom:framework-osx-AVFoundation: e770b220cccbd017edd2c1fefb359320 -> 
  custom:CustomObjectIndexerAttribute: 6b0e35c9178b02a6363f3721b7b8e397 -> 
  custom:audio-encoder-webm-vorbis: bf7c407c2cedff20999df2af8eb42d56 -> 
  custom:SearchIndexIgnoredProperties: e643bd26f0fe6173181afceb89e7c659 -> 
  custom:container-demuxer-ogg: 62fdf1f143b41e24485cea50d1cbac27 -> 
  custom:video-decoder-webm-vp8: 9c59270c3fd7afecdb556c50c9e8de78 -> 
  custom:audio-decoder-ogg-vorbis: bf7c407c2cedff20999df2af8eb42d56 -> 
========================================================================
Received Prepare
Registering precompiled user dll's ...
Registered in 0.001948 seconds.
Begin MonoManager ReloadAssembly
Thread 0x16f2bb000 may have been prematurely finalized
Native extension for OSXStandalone target not found
Refreshing native plugins compatible for Editor in 0.57 ms, found 2 plugins.
Preloading 0 native plugins for Editor in 0.00 ms.
[Package Manager] Server::EnsureServerProcessIsRunning -- launch failed, reason: Unity was launched with the -noUpm command-line argument
[Package Manager] Cannot connect to Unity Package Manager local server
Mono: successfully reloaded assembly
- Completed reload, in  1.002 seconds
Domain Reload Profiling:
	ReloadAssembly (1003ms)
		BeginReloadAssembly (83ms)
			ExecutionOrderSort (0ms)
			DisableScriptedObjects (3ms)
			BackupInstance (0ms)
			ReleaseScriptingObjects (0ms)
			CreateAndSetChildDomain (32ms)
		EndReloadAssembly (869ms)
			LoadAssemblies (37ms)
			RebuildTransferFunctionScriptingTraits (0ms)
			SetupTypeCache (196ms)
			ReleaseScriptCaches (2ms)
			RebuildScriptCaches (35ms)
			SetupLoadedEditorAssemblies (560ms)
				LogAssemblyErrors (0ms)
				InitializePlatformSupportModulesInManaged (2ms)
				SetLoadedEditorAssemblies (0ms)
				RefreshPlugins (1ms)
				BeforeProcessingInitializeOnLoad (51ms)
				ProcessInitializeOnLoadAttributes (462ms)
				ProcessInitializeOnLoadMethodAttributes (42ms)
				AfterProcessingInitializeOnLoad (1ms)
				EditorAssembliesLoaded (0ms)
			ExecutionOrderSort2 (0ms)
			AwakeInstancesAfterBackupRestoration (6ms)
Platform modules already initialized, skipping
Refreshing native plugins compatible for Editor in 0.60 ms, found 2 plugins.
Preloading 0 native plugins for Editor in 0.00 ms.
Unloading 4989 Unused Serialized files (Serialized files now loaded: 0)
Unloading 28 unused Assets / (0.8 MB). Loaded Objects now: 5788.
Memory consumption went from 248.0 MB to 247.2 MB.
Total: 2.588917 ms (FindLiveObjects: 0.175792 ms CreateObjectMapping: 0.062500 ms MarkObjects: 2.087541 ms  DeleteObjects: 0.262375 ms)

AssetImportParameters requested are different than current active one (requested -> active):
  custom:video-decoder-ogg-theora: a1e56fd34408186e4bbccfd4996cb3dc -> 
  custom:container-muxer-webm: aa71ff27fc2769a1b78a27578f13a17b -> 
  custom:container-demuxer-webm: 4f35f7cbe854078d1ac9338744f61a02 -> 
  custom:video-encoder-webm-vp8: eb34c28f22e8b96e1ab97ce403110664 -> 
  custom:framework-osx-AVFoundation: e770b220cccbd017edd2c1fefb359320 -> 
  custom:CustomObjectIndexerAttribute: 6b0e35c9178b02a6363f3721b7b8e397 -> 
  custom:audio-encoder-webm-vorbis: bf7c407c2cedff20999df2af8eb42d56 -> 
  custom:SearchIndexIgnoredProperties: e643bd26f0fe6173181afceb89e7c659 -> 
  custom:container-demuxer-ogg: 62fdf1f143b41e24485cea50d1cbac27 -> 
  custom:video-decoder-webm-vp8: 9c59270c3fd7afecdb556c50c9e8de78 -> 
  custom:audio-decoder-ogg-vorbis: bf7c407c2cedff20999df2af8eb42d56 -> 
========================================================================
Received Import Request.
  Time since last request: 306.222773 seconds.
  path: Assets/#NVJOB Slender/Slender/Animations/Slender.controller
  artifactKey: Guid(727c5ee11e9e413fa17bba52ac4dca41) Importer(815301076,1909f56bfc062723c751e8b465ee728b)
Number of updated assets reloaded before import = 0
Start importing Assets/#NVJOB Slender/Slender/Animations/Slender.controller using Guid(727c5ee11e9e413fa17bba52ac4dca41) Importer(815301076,1909f56bfc062723c751e8b465ee728b)  -> (artifact id: 'd54516b5dd862c4a68fc67490dbd9206') in 0.064466 seconds 
Number of asset objects unloaded after import = 14
========================================================================
Received Import Request.
  Time since last request: 66.536202 seconds.
  path: Assets/Prefabs/Slender (2) Variant.prefab
  artifactKey: Guid(4b5fb7c90a7884d5cb534134ebdc54e4) Importer(815301076,1909f56bfc062723c751e8b465ee728b)
Number of updated assets reloaded before import = 0
Start importing Assets/Prefabs/Slender (2) Variant.prefab using Guid(4b5fb7c90a7884d5cb534134ebdc54e4) Importer(815301076,1909f56bfc062723c751e8b465ee728b)  -> (artifact id: '7ec777b6f55e53f37d6cdb6b89f13771') in 0.135884 seconds 
Number of asset objects unloaded after import = 365
========================================================================
Received Import Request.
  Time since last request: 6.579610 seconds.
  path: Assets/Prefabs/Slender.prefab
  artifactKey: Guid(4b5fb7c90a7884d5cb534134ebdc54e4) Importer(815301076,1909f56bfc062723c751e8b465ee728b)
Number of updated assets reloaded before import = 0
Start importing Assets/Prefabs/Slender.prefab using Guid(4b5fb7c90a7884d5cb534134ebdc54e4) Importer(815301076,1909f56bfc062723c751e8b465ee728b)  -> (artifact id: '9e54952c41b47016027b47b58ed53eaa') in 0.043852 seconds 
Number of asset objects unloaded after import = 366
========================================================================
Received Import Request.
  Time since last request: 30.739190 seconds.
  path: Assets/Scenes/TutorialLevel.unity
  artifactKey: Guid(7303ca5020b0741c0b0b766b312924f8) Importer(815301076,1909f56bfc062723c751e8b465ee728b)
Number of updated assets reloaded before import = 0
Start importing Assets/Scenes/TutorialLevel.unity using Guid(7303ca5020b0741c0b0b766b312924f8) Importer(815301076,1909f56bfc062723c751e8b465ee728b)  -> (artifact id: 'bc2e4bd68f39c2c8b0a1c3c1947ec5ca') in 0.001206 seconds 
Number of asset objects unloaded after import = 0
========================================================================
Received Import Request.
  Time since last request: 5.742519 seconds.
  path: Assets/Prefabs/Slender.prefab
  artifactKey: Guid(4b5fb7c90a7884d5cb534134ebdc54e4) Importer(815301076,1909f56bfc062723c751e8b465ee728b)
Number of updated assets reloaded before import = 0
Start importing Assets/Prefabs/Slender.prefab using Guid(4b5fb7c90a7884d5cb534134ebdc54e4) Importer(815301076,1909f56bfc062723c751e8b465ee728b)  -> (artifact id: '287851e9e6e5722a11fe2a08e766c403') in 0.065417 seconds 
Number of asset objects unloaded after import = 366
========================================================================
Received Prepare
Registering precompiled user dll's ...
Registered in 0.001763 seconds.
Begin MonoManager ReloadAssembly
Thread 0x16f2bb000 may have been prematurely finalized
Native extension for OSXStandalone target not found
Refreshing native plugins compatible for Editor in 0.57 ms, found 2 plugins.
Preloading 0 native plugins for Editor in 0.00 ms.
[Package Manager] Server::EnsureServerProcessIsRunning -- launch failed, reason: Unity was launched with the -noUpm command-line argument
[Package Manager] Cannot connect to Unity Package Manager local server
Mono: successfully reloaded assembly
- Completed reload, in  0.972 seconds
Domain Reload Profiling:
	ReloadAssembly (972ms)
		BeginReloadAssembly (88ms)
			ExecutionOrderSort (0ms)
			DisableScriptedObjects (4ms)
			BackupInstance (0ms)
			ReleaseScriptingObjects (0ms)
			CreateAndSetChildDomain (37ms)
		EndReloadAssembly (836ms)
			LoadAssemblies (35ms)
			RebuildTransferFunctionScriptingTraits (0ms)
			SetupTypeCache (183ms)
			ReleaseScriptCaches (1ms)
			RebuildScriptCaches (29ms)
			SetupLoadedEditorAssemblies (554ms)
				LogAssemblyErrors (0ms)
				InitializePlatformSupportModulesInManaged (2ms)
				SetLoadedEditorAssemblies (0ms)
				RefreshPlugins (1ms)
				BeforeProcessingInitializeOnLoad (52ms)
				ProcessInitializeOnLoadAttributes (461ms)
				ProcessInitializeOnLoadMethodAttributes (37ms)
				AfterProcessingInitializeOnLoad (1ms)
				EditorAssembliesLoaded (0ms)
			ExecutionOrderSort2 (0ms)
			AwakeInstancesAfterBackupRestoration (6ms)
Platform modules already initialized, skipping
Refreshing native plugins compatible for Editor in 0.57 ms, found 2 plugins.
Preloading 0 native plugins for Editor in 0.00 ms.
Unloading 4989 Unused Serialized files (Serialized files now loaded: 0)
Unloading 46 unused Assets / (0.7 MB). Loaded Objects now: 5841.
Memory consumption went from 252.3 MB to 251.6 MB.
Total: 2.503167 ms (FindLiveObjects: 0.191458 ms CreateObjectMapping: 0.060333 ms MarkObjects: 2.016583 ms  DeleteObjects: 0.234083 ms)

AssetImportParameters requested are different than current active one (requested -> active):
  custom:video-decoder-ogg-theora: a1e56fd34408186e4bbccfd4996cb3dc -> 
  custom:container-muxer-webm: aa71ff27fc2769a1b78a27578f13a17b -> 
  custom:container-demuxer-webm: 4f35f7cbe854078d1ac9338744f61a02 -> 
  custom:video-encoder-webm-vp8: eb34c28f22e8b96e1ab97ce403110664 -> 
  custom:framework-osx-AVFoundation: e770b220cccbd017edd2c1fefb359320 -> 
  custom:CustomObjectIndexerAttribute: 6b0e35c9178b02a6363f3721b7b8e397 -> 
  custom:audio-encoder-webm-vorbis: bf7c407c2cedff20999df2af8eb42d56 -> 
  custom:SearchIndexIgnoredProperties: e643bd26f0fe6173181afceb89e7c659 -> 
  custom:container-demuxer-ogg: 62fdf1f143b41e24485cea50d1cbac27 -> 
  custom:video-decoder-webm-vp8: 9c59270c3fd7afecdb556c50c9e8de78 -> 
  custom:audio-decoder-ogg-vorbis: bf7c407c2cedff20999df2af8eb42d56 -> 
========================================================================
Received Import Request.
  Time since last request: 178.225797 seconds.
  path: Assets/Prefabs/Slender.prefab
  artifactKey: Guid(4b5fb7c90a7884d5cb534134ebdc54e4) Importer(815301076,1909f56bfc062723c751e8b465ee728b)
Number of updated assets reloaded before import = 0
Start importing Assets/Prefabs/Slender.prefab using Guid(4b5fb7c90a7884d5cb534134ebdc54e4) Importer(815301076,1909f56bfc062723c751e8b465ee728b)  -> (artifact id: '700805cb8edf03b5218e595ef757bac6') in 0.140900 seconds 
Number of asset objects unloaded after import = 365
========================================================================
Received Import Request.
  Time since last request: 1.443745 seconds.
  path: Assets/Prefabs/Slender.prefab
  artifactKey: Guid(4b5fb7c90a7884d5cb534134ebdc54e4) Importer(815301076,1909f56bfc062723c751e8b465ee728b)
Number of updated assets reloaded before import = 0
Start importing Assets/Prefabs/Slender.prefab using Guid(4b5fb7c90a7884d5cb534134ebdc54e4) Importer(815301076,1909f56bfc062723c751e8b465ee728b)  -> (artifact id: '67655804f2d5b71bfcc77a8cfaeb428a') in 0.043203 seconds 
Number of asset objects unloaded after import = 366
========================================================================
Received Import Request.
  Time since last request: 3.235946 seconds.
  path: Assets/Prefabs/Slender.prefab
  artifactKey: Guid(4b5fb7c90a7884d5cb534134ebdc54e4) Importer(815301076,1909f56bfc062723c751e8b465ee728b)
Number of updated assets reloaded before import = 0
Start importing Assets/Prefabs/Slender.prefab using Guid(4b5fb7c90a7884d5cb534134ebdc54e4) Importer(815301076,1909f56bfc062723c751e8b465ee728b)  -> (artifact id: '0443d8857fd3f20cc27fefeca0599a60') in 0.042933 seconds 
Number of asset objects unloaded after import = 366
========================================================================
Received Prepare
Registering precompiled user dll's ...
Registered in 0.001764 seconds.
Begin MonoManager ReloadAssembly
Thread 0x16f2bb000 may have been prematurely finalized
Native extension for OSXStandalone target not found
Refreshing native plugins compatible for Editor in 0.59 ms, found 2 plugins.
Preloading 0 native plugins for Editor in 0.00 ms.
[Package Manager] Server::EnsureServerProcessIsRunning -- launch failed, reason: Unity was launched with the -noUpm command-line argument
[Package Manager] Cannot connect to Unity Package Manager local server
Mono: successfully reloaded assembly
- Completed reload, in  1.000 seconds
Domain Reload Profiling:
	ReloadAssembly (1000ms)
		BeginReloadAssembly (87ms)
			ExecutionOrderSort (0ms)
			DisableScriptedObjects (4ms)
			BackupInstance (0ms)
			ReleaseScriptingObjects (0ms)
			CreateAndSetChildDomain (35ms)
		EndReloadAssembly (861ms)
			LoadAssemblies (39ms)
			RebuildTransferFunctionScriptingTraits (0ms)
			SetupTypeCache (188ms)
			ReleaseScriptCaches (1ms)
			RebuildScriptCaches (35ms)
			SetupLoadedEditorAssemblies (559ms)
				LogAssemblyErrors (0ms)
				InitializePlatformSupportModulesInManaged (2ms)
				SetLoadedEditorAssemblies (0ms)
				RefreshPlugins (1ms)
				BeforeProcessingInitializeOnLoad (50ms)
				ProcessInitializeOnLoadAttributes (465ms)
				ProcessInitializeOnLoadMethodAttributes (40ms)
				AfterProcessingInitializeOnLoad (1ms)
				EditorAssembliesLoaded (0ms)
			ExecutionOrderSort2 (0ms)
			AwakeInstancesAfterBackupRestoration (6ms)
Platform modules already initialized, skipping
Refreshing native plugins compatible for Editor in 0.53 ms, found 2 plugins.
Preloading 0 native plugins for Editor in 0.00 ms.
Unloading 4989 Unused Serialized files (Serialized files now loaded: 0)
Unloading 46 unused Assets / (0.7 MB). Loaded Objects now: 5894.
Memory consumption went from 252.5 MB to 251.7 MB.
Total: 2.529167 ms (FindLiveObjects: 0.207042 ms CreateObjectMapping: 0.060458 ms MarkObjects: 2.020167 ms  DeleteObjects: 0.240959 ms)

AssetImportParameters requested are different than current active one (requested -> active):
  custom:video-decoder-ogg-theora: a1e56fd34408186e4bbccfd4996cb3dc -> 
  custom:container-muxer-webm: aa71ff27fc2769a1b78a27578f13a17b -> 
  custom:container-demuxer-webm: 4f35f7cbe854078d1ac9338744f61a02 -> 
  custom:video-encoder-webm-vp8: eb34c28f22e8b96e1ab97ce403110664 -> 
  custom:framework-osx-AVFoundation: e770b220cccbd017edd2c1fefb359320 -> 
  custom:CustomObjectIndexerAttribute: 6b0e35c9178b02a6363f3721b7b8e397 -> 
  custom:audio-encoder-webm-vorbis: bf7c407c2cedff20999df2af8eb42d56 -> 
  custom:SearchIndexIgnoredProperties: e643bd26f0fe6173181afceb89e7c659 -> 
  custom:container-demuxer-ogg: 62fdf1f143b41e24485cea50d1cbac27 -> 
  custom:video-decoder-webm-vp8: 9c59270c3fd7afecdb556c50c9e8de78 -> 
  custom:audio-decoder-ogg-vorbis: bf7c407c2cedff20999df2af8eb42d56 -> 
